build/app/intermediates/manifest_merge_blame_file/debug/manifest-merger-blame-debug-report.txt
1<?xml version="1.0" encoding="utf-8"?>
2<manifest xmlns:android="http://schemas.android.com/apk/res/android"
3    package="com.example.taxi_app"
4    android:versionCode="1"
5    android:versionName="1.0.0" >
6
7    <uses-sdk
8        android:minSdkVersion="21"
9        android:targetSdkVersion="28" />
10    <!--
11         Flutter needs it to communicate with the running application
12         to allow setting breakpoints, to provide hot reload, etc.
13    -->
14    <uses-permission android:name="android.permission.INTERNET" />
14-->src\debug\AndroidManifest.xml:6:5-66
14-->src\debug\AndroidManifest.xml:6:22-64
15    <uses-permission android:name="android.permission.ACCESS_NETWORK_STATE" />
15-->[com.google.android.gms:play-services-measurement:17.2.0] AndroidManifest.xml:24:5-79
15-->[com.google.android.gms:play-services-measurement:17.2.0] AndroidManifest.xml:24:22-76
16    <uses-permission android:name="android.permission.WAKE_LOCK" />
16-->[com.google.android.gms:play-services-measurement:17.2.0] AndroidManifest.xml:25:5-68
16-->[com.google.android.gms:play-services-measurement:17.2.0] AndroidManifest.xml:25:22-65
17    <uses-permission android:name="com.google.android.finsky.permission.BIND_GET_INSTALL_REFERRER_SERVICE" /> <!-- Required by older versions of Google Play services to create IID tokens -->
17-->[com.google.android.gms:play-services-measurement:17.2.0] AndroidManifest.xml:26:5-110
17-->[com.google.android.gms:play-services-measurement:17.2.0] AndroidManifest.xml:26:22-107
18    <uses-permission android:name="com.google.android.c2dm.permission.RECEIVE" />
18-->[com.google.firebase:firebase-iid:19.0.0] AndroidManifest.xml:26:5-82
18-->[com.google.firebase:firebase-iid:19.0.0] AndroidManifest.xml:26:22-79
19
20    <uses-feature
20-->[com.google.android.gms:play-services-maps:17.0.0] AndroidManifest.xml:26:5-28:35
21        android:glEsVersion="0x00020000"
21-->[com.google.android.gms:play-services-maps:17.0.0] AndroidManifest.xml:27:9-41
22        android:required="true" />
22-->[com.google.android.gms:play-services-maps:17.0.0] AndroidManifest.xml:28:9-32
23    <!--
24 io.flutter.app.FlutterApplication is an android.app.Application that
25         calls FlutterMain.startInitialization(this); in its onCreate method.
26         In most cases you can leave this as-is, but you if you want to provide
27         additional functionality it is fine to subclass or reimplement
28         FlutterApplication and put your custom class here.
29    -->
30    <application
30-->src\main\AndroidManifest.xml:9:5-34:19
31        android:name="io.flutter.app.FlutterApplication"
31-->src\main\AndroidManifest.xml:10:9-57
32        android:appComponentFactory="androidx.core.app.CoreComponentFactory"
32-->[androidx.core:core:1.0.0] AndroidManifest.xml:22:18-86
33        android:debuggable="true"
34        android:icon="@mipmap/ic_launcher"
34-->src\main\AndroidManifest.xml:12:9-43
35        android:label="taxi_app" >
35-->src\main\AndroidManifest.xml:11:9-33
36        <meta-data
36-->src\main\AndroidManifest.xml:13:9-14:70
37            android:name="com.google.android.geo.API_KEY"
37-->src\main\AndroidManifest.xml:13:20-65
38            android:value="AIzaSyBWIB0QYyuQZJqafviFcTYo-QTx61xwUtQ" />
38-->src\main\AndroidManifest.xml:14:13-68
39
40        <activity
40-->src\main\AndroidManifest.xml:15:9-33:20
41            android:name="com.example.taxi_app.MainActivity"
41-->src\main\AndroidManifest.xml:16:13-41
42            android:configChanges="orientation|keyboardHidden|keyboard|screenSize|locale|layoutDirection|fontScale|screenLayout|density|uiMode"
42-->src\main\AndroidManifest.xml:19:13-144
43            android:hardwareAccelerated="true"
43-->src\main\AndroidManifest.xml:20:13-47
44            android:launchMode="singleTop"
44-->src\main\AndroidManifest.xml:17:13-43
45            android:theme="@style/LaunchTheme"
45-->src\main\AndroidManifest.xml:18:13-47
46            android:windowSoftInputMode="adjustResize" >
46-->src\main\AndroidManifest.xml:21:13-55
47
48            <!--
49                 This keeps the window background of the activity showing
50                 until Flutter renders its first frame. It can be removed if
51                 there is no splash screen (such as the default splash screen
52                 defined in @style/LaunchTheme).
53            -->
54            <meta-data
54-->src\main\AndroidManifest.xml:26:13-28:40
55                android:name="io.flutter.app.android.SplashScreenUntilFirstFrame"
55-->src\main\AndroidManifest.xml:27:17-82
56                android:value="true" />
56-->src\main\AndroidManifest.xml:28:17-37
57
58            <intent-filter>
58-->src\main\AndroidManifest.xml:29:13-32:29
59                <action android:name="android.intent.action.MAIN" />
59-->src\main\AndroidManifest.xml:30:17-68
59-->src\main\AndroidManifest.xml:30:25-66
60
61                <category android:name="android.intent.category.LAUNCHER" />
61-->src\main\AndroidManifest.xml:31:17-76
61-->src\main\AndroidManifest.xml:31:27-74
62            </intent-filter>
63        </activity>
64
65        <service
65-->[:firebase_auth] AndroidManifest.xml:8:9-12:19
66            android:name="com.google.firebase.components.ComponentDiscoveryService"
66-->[:firebase_auth] AndroidManifest.xml:8:18-89
67            android:exported="false" >
67-->[com.google.android.gms:play-services-measurement-api:17.2.0] AndroidManifest.xml:29:13-37
68            <meta-data
68-->[:firebase_auth] AndroidManifest.xml:9:13-11:85
69                android:name="com.google.firebase.components:io.flutter.plugins.firebaseauth.FlutterFirebaseAppRegistrar"
69-->[:firebase_auth] AndroidManifest.xml:10:17-122
70                android:value="com.google.firebase.components.ComponentRegistrar" />
70-->[:firebase_auth] AndroidManifest.xml:11:17-82
71            <meta-data
71-->[:firebase_database] AndroidManifest.xml:9:13-11:85
72                android:name="com.google.firebase.components:io.flutter.plugins.firebase.database.FlutterFirebaseAppRegistrar"
72-->[:firebase_database] AndroidManifest.xml:10:17-127
73                android:value="com.google.firebase.components.ComponentRegistrar" />
73-->[:firebase_database] AndroidManifest.xml:11:17-82
74            <meta-data
74-->[:firebase_core] AndroidManifest.xml:9:13-11:85
75                android:name="com.google.firebase.components:io.flutter.plugins.firebase.core.FlutterFirebaseAppRegistrar"
75-->[:firebase_core] AndroidManifest.xml:10:17-123
76                android:value="com.google.firebase.components.ComponentRegistrar" />
76-->[:firebase_core] AndroidManifest.xml:11:17-82
77            <meta-data
77-->[com.google.android.gms:play-services-measurement-api:17.2.0] AndroidManifest.xml:30:13-32:85
78                android:name="com.google.firebase.components:com.google.firebase.analytics.connector.internal.AnalyticsConnectorRegistrar"
78-->[com.google.android.gms:play-services-measurement-api:17.2.0] AndroidManifest.xml:31:17-139
79                android:value="com.google.firebase.components.ComponentRegistrar" />
79-->[com.google.android.gms:play-services-measurement-api:17.2.0] AndroidManifest.xml:32:17-82
80            <meta-data
80-->[com.google.firebase:firebase-auth:17.0.0] AndroidManifest.xml:36:13-38:85
81                android:name="com.google.firebase.components:com.google.firebase.auth.FirebaseAuthRegistrar"
81-->[com.google.firebase:firebase-auth:17.0.0] AndroidManifest.xml:37:17-109
82                android:value="com.google.firebase.components.ComponentRegistrar" />
82-->[com.google.firebase:firebase-auth:17.0.0] AndroidManifest.xml:38:17-82
83            <meta-data
83-->[com.google.firebase:firebase-iid:19.0.0] AndroidManifest.xml:32:13-34:85
84                android:name="com.google.firebase.components:com.google.firebase.iid.Registrar"
84-->[com.google.firebase:firebase-iid:19.0.0] AndroidManifest.xml:33:17-96
85                android:value="com.google.firebase.components.ComponentRegistrar" />
85-->[com.google.firebase:firebase-iid:19.0.0] AndroidManifest.xml:34:17-82
86            <meta-data
86-->[com.google.firebase:firebase-database:17.0.0] AndroidManifest.xml:30:13-32:85
87                android:name="com.google.firebase.components:com.google.firebase.database.DatabaseRegistrar"
87-->[com.google.firebase:firebase-database:17.0.0] AndroidManifest.xml:31:17-109
88                android:value="com.google.firebase.components.ComponentRegistrar" />
88-->[com.google.firebase:firebase-database:17.0.0] AndroidManifest.xml:32:17-82
89        </service>
90
91        <receiver
91-->[com.google.android.gms:play-services-measurement:17.2.0] AndroidManifest.xml:29:9-33:20
92            android:name="com.google.android.gms.measurement.AppMeasurementReceiver"
92-->[com.google.android.gms:play-services-measurement:17.2.0] AndroidManifest.xml:30:13-85
93            android:enabled="true"
93-->[com.google.android.gms:play-services-measurement:17.2.0] AndroidManifest.xml:31:13-35
94            android:exported="false" >
94-->[com.google.android.gms:play-services-measurement:17.2.0] AndroidManifest.xml:32:13-37
95        </receiver>
96        <receiver
96-->[com.google.android.gms:play-services-measurement:17.2.0] AndroidManifest.xml:34:9-42:20
97            android:name="com.google.android.gms.measurement.AppMeasurementInstallReferrerReceiver"
97-->[com.google.android.gms:play-services-measurement:17.2.0] AndroidManifest.xml:35:13-100
98            android:enabled="true"
98-->[com.google.android.gms:play-services-measurement:17.2.0] AndroidManifest.xml:36:13-35
99            android:exported="true"
99-->[com.google.android.gms:play-services-measurement:17.2.0] AndroidManifest.xml:37:13-36
100            android:permission="android.permission.INSTALL_PACKAGES" >
100-->[com.google.android.gms:play-services-measurement:17.2.0] AndroidManifest.xml:38:13-69
101            <intent-filter>
101-->[com.google.android.gms:play-services-measurement:17.2.0] AndroidManifest.xml:39:13-41:29
102                <action android:name="com.android.vending.INSTALL_REFERRER" />
102-->[com.google.android.gms:play-services-measurement:17.2.0] AndroidManifest.xml:40:17-79
102-->[com.google.android.gms:play-services-measurement:17.2.0] AndroidManifest.xml:40:25-76
103            </intent-filter>
104        </receiver>
105
106        <service
106-->[com.google.android.gms:play-services-measurement:17.2.0] AndroidManifest.xml:44:9-47:40
107            android:name="com.google.android.gms.measurement.AppMeasurementService"
107-->[com.google.android.gms:play-services-measurement:17.2.0] AndroidManifest.xml:45:13-84
108            android:enabled="true"
108-->[com.google.android.gms:play-services-measurement:17.2.0] AndroidManifest.xml:46:13-35
109            android:exported="false" />
109-->[com.google.android.gms:play-services-measurement:17.2.0] AndroidManifest.xml:47:13-37
110        <service
110-->[com.google.android.gms:play-services-measurement:17.2.0] AndroidManifest.xml:48:9-52:72
111            android:name="com.google.android.gms.measurement.AppMeasurementJobService"
111-->[com.google.android.gms:play-services-measurement:17.2.0] AndroidManifest.xml:49:13-87
112            android:enabled="true"
112-->[com.google.android.gms:play-services-measurement:17.2.0] AndroidManifest.xml:50:13-35
113            android:exported="false"
113-->[com.google.android.gms:play-services-measurement:17.2.0] AndroidManifest.xml:51:13-37
114            android:permission="android.permission.BIND_JOB_SERVICE" />
114-->[com.google.android.gms:play-services-measurement:17.2.0] AndroidManifest.xml:52:13-69
115
116        <activity
116-->[com.google.firebase:firebase-auth:17.0.0] AndroidManifest.xml:24:9-31:50
117            android:name="com.google.firebase.auth.internal.FederatedSignInActivity"
117-->[com.google.firebase:firebase-auth:17.0.0] AndroidManifest.xml:25:13-85
118            android:excludeFromRecents="true"
118-->[com.google.firebase:firebase-auth:17.0.0] AndroidManifest.xml:26:13-46
119            android:exported="true"
119-->[com.google.firebase:firebase-auth:17.0.0] AndroidManifest.xml:27:13-36
120            android:launchMode="singleTask"
120-->[com.google.firebase:firebase-auth:17.0.0] AndroidManifest.xml:28:13-44
121            android:permission="com.google.firebase.auth.api.gms.permission.LAUNCH_FEDERATED_SIGN_IN"
121-->[com.google.firebase:firebase-auth:17.0.0] AndroidManifest.xml:29:13-102
122            android:theme="@android:style/Theme.Translucent.NoTitleBar" />
122-->[com.google.firebase:firebase-auth:17.0.0] AndroidManifest.xml:30:13-72
123
124        <receiver
124-->[com.google.firebase:firebase-iid:19.0.0] AndroidManifest.xml:37:9-44:20
125            android:name="com.google.firebase.iid.FirebaseInstanceIdReceiver"
125-->[com.google.firebase:firebase-iid:19.0.0] AndroidManifest.xml:38:13-78
126            android:exported="true"
126-->[com.google.firebase:firebase-iid:19.0.0] AndroidManifest.xml:39:13-36
127            android:permission="com.google.android.c2dm.permission.SEND" >
127-->[com.google.firebase:firebase-iid:19.0.0] AndroidManifest.xml:40:13-73
128            <intent-filter>
128-->[com.google.firebase:firebase-iid:19.0.0] AndroidManifest.xml:41:13-43:29
129                <action android:name="com.google.android.c2dm.intent.RECEIVE" />
129-->[com.google.firebase:firebase-iid:19.0.0] AndroidManifest.xml:42:17-81
129-->[com.google.firebase:firebase-iid:19.0.0] AndroidManifest.xml:42:25-78
130            </intent-filter>
131        </receiver> <!-- Needs to be explicitly declared on P+ -->
132        <uses-library
132-->[com.google.android.gms:play-services-maps:17.0.0] AndroidManifest.xml:33:9-35:40
133            android:name="org.apache.http.legacy"
133-->[com.google.android.gms:play-services-maps:17.0.0] AndroidManifest.xml:34:13-50
134            android:required="false" />
134-->[com.google.android.gms:play-services-maps:17.0.0] AndroidManifest.xml:35:13-37
135
136        <provider
136-->[com.google.firebase:firebase-common:19.0.0] AndroidManifest.xml:12:9-16:39
137            android:name="com.google.firebase.provider.FirebaseInitProvider"
137-->[com.google.firebase:firebase-common:19.0.0] AndroidManifest.xml:13:13-77
138            android:authorities="com.example.taxi_app.firebaseinitprovider"
138-->[com.google.firebase:firebase-common:19.0.0] AndroidManifest.xml:14:13-72
139            android:exported="false"
139-->[com.google.firebase:firebase-common:19.0.0] AndroidManifest.xml:15:13-37
140            android:initOrder="100" />
140-->[com.google.firebase:firebase-common:19.0.0] AndroidManifest.xml:16:13-36
141
142        <activity
142-->[com.google.android.gms:play-services-base:17.0.0] AndroidManifest.xml:23:9-26:75
143            android:name="com.google.android.gms.common.api.GoogleApiActivity"
143-->[com.google.android.gms:play-services-base:17.0.0] AndroidManifest.xml:24:13-79
144            android:exported="false"
144-->[com.google.android.gms:play-services-base:17.0.0] AndroidManifest.xml:25:13-37
145            android:theme="@android:style/Theme.Translucent.NoTitleBar" />
145-->[com.google.android.gms:play-services-base:17.0.0] AndroidManifest.xml:26:13-72
146
147        <meta-data
147-->[com.google.android.gms:play-services-basement:17.0.0] AndroidManifest.xml:23:9-25:69
148            android:name="com.google.android.gms.version"
148-->[com.google.android.gms:play-services-basement:17.0.0] AndroidManifest.xml:24:13-58
149            android:value="@integer/google_play_services_version" />
149-->[com.google.android.gms:play-services-basement:17.0.0] AndroidManifest.xml:25:13-66
150    </application>
151
152</manifest>